\BOOKMARK [1][-]{section*.1}{\376\377\000T\000a\000b\000l\000e\000\040\000o\000f\000\040\000c\000o\000n\000t\000e\000n\000t\000s}{}% 1
\BOOKMARK [1][-]{section.1}{\376\377\000R\000e\000g\000r\000e\000s\000s\000i\000o\000n}{}% 2
\BOOKMARK [2][-]{subsection.1.1}{\376\377\000L\000i\000n\000e\000a\000r\000\040\000r\000e\000g\000r\000e\000s\000s\000i\000o\000n}{section.1}% 3
\BOOKMARK [3][-]{subsubsection.1.1.1}{\376\377\000S\000q\000u\000a\000r\000e\000d\000\040\000e\000r\000r\000o\000r\000\040\000c\000o\000s\000t\000\040\000f\000u\000n\000c\000t\000i\000o\000n}{subsection.1.1}% 4
\BOOKMARK [3][-]{subsubsection.1.1.2}{\376\377\000G\000r\000a\000d\000i\000e\000n\000t\000\040\000d\000e\000s\000c\000e\000n\000t}{subsection.1.1}% 5
\BOOKMARK [2][-]{subsection.1.2}{\376\377\000M\000u\000l\000t\000i\000p\000l\000e\000\040\000l\000i\000n\000e\000a\000r\000\040\000r\000e\000g\000r\000e\000s\000s\000i\000o\000n}{section.1}% 6
\BOOKMARK [2][-]{subsection.1.3}{\376\377\000L\000o\000g\000i\000s\000t\000i\000c\000\040\000r\000e\000g\000r\000e\000s\000s\000i\000o\000n}{section.1}% 7
\BOOKMARK [2][-]{subsection.1.4}{\376\377\000S\000o\000f\000t\000m\000a\000x\000\040\000r\000e\000g\000r\000e\000s\000s\000i\000o\000n}{section.1}% 8
\BOOKMARK [2][-]{subsection.1.5}{\376\377\000F\000e\000a\000t\000u\000r\000e\000\040\000s\000c\000a\000l\000i\000n\000g\000:\000\040\000z\000-\000s\000c\000o\000r\000e\000\040\000n\000o\000r\000m\000a\000l\000i\000z\000a\000t\000i\000o\000n}{section.1}% 9
\BOOKMARK [2][-]{subsection.1.6}{\376\377\000O\000v\000e\000r\000\040\000/\000\040\000u\000n\000d\000e\000r\000f\000i\000t\000t\000i\000n\000g}{section.1}% 10
\BOOKMARK [3][-]{subsubsection.1.6.1}{\376\377\000R\000e\000g\000u\000l\000a\000r\000i\000z\000a\000t\000i\000o\000n}{subsection.1.6}% 11
\BOOKMARK [1][-]{section.2}{\376\377\000N\000e\000u\000r\000a\000l\000\040\000n\000e\000t\000w\000o\000r\000k\000s}{}% 12
\BOOKMARK [2][-]{subsection.2.1}{\376\377\000I\000n\000t\000u\000i\000t\000i\000o\000n}{section.2}% 13
\BOOKMARK [2][-]{subsection.2.2}{\376\377\000A\000c\000t\000i\000v\000a\000t\000i\000o\000n\000\040\000f\000u\000n\000c\000t\000i\000o\000n\000s}{section.2}% 14
\BOOKMARK [2][-]{subsection.2.3}{\376\377\000T\000r\000a\000i\000n\000i\000n\000g\000\040\000t\000h\000e\000\040\000m\000o\000d\000e\000l}{section.2}% 15
\BOOKMARK [3][-]{subsubsection.2.3.1}{\376\377\000F\000o\000r\000w\000a\000r\000d\000\040\000p\000r\000o\000p\000a\000g\000a\000t\000i\000o\000n}{subsection.2.3}% 16
\BOOKMARK [3][-]{subsubsection.2.3.2}{\376\377\000B\000a\000c\000k\000\040\000p\000r\000o\000p\000a\000g\000a\000t\000i\000o\000n}{subsection.2.3}% 17
\BOOKMARK [3][-]{subsubsection.2.3.3}{\376\377\000B\000a\000c\000k\000\040\000p\000r\000o\000p\000a\000g\000a\000t\000i\000o\000n\000\040\000d\000e\000r\000i\000v\000a\000t\000i\000o\000n}{subsection.2.3}% 18
\BOOKMARK [2][-]{subsection.2.4}{\376\377\000C\000o\000n\000v\000o\000l\000u\000t\000i\000o\000n\000a\000l\000\040\000n\000e\000u\000r\000a\000l\000\040\000n\000e\000t\000w\000o\000r\000k}{section.2}% 19
\BOOKMARK [3][-]{subsubsection.2.4.1}{\376\377\000E\000d\000g\000e\000\040\000d\000e\000t\000e\000c\000t\000i\000o\000n}{subsection.2.4}% 20
\BOOKMARK [3][-]{subsubsection.2.4.2}{\376\377\000P\000a\000d\000d\000i\000n\000g}{subsection.2.4}% 21
\BOOKMARK [3][-]{subsubsection.2.4.3}{\376\377\000S\000t\000r\000i\000d\000e\000d\000\040\000c\000o\000n\000v\000o\000l\000u\000t\000i\000o\000n}{subsection.2.4}% 22
\BOOKMARK [3][-]{subsubsection.2.4.4}{\376\377\000C\000o\000n\000v\000o\000l\000u\000t\000i\000o\000n\000\040\000o\000v\000e\000r\000\040\000a\000\040\000v\000o\000l\000u\000m\000e}{subsection.2.4}% 23
\BOOKMARK [3][-]{subsubsection.2.4.5}{\376\377\000O\000n\000e\000\040\000l\000a\000y\000e\000r\000\040\000o\000f\000\040\000a\000\040\000c\000n\000n}{subsection.2.4}% 24
\BOOKMARK [3][-]{subsubsection.2.4.6}{\376\377\000C\000n\000n\000\040\000n\000o\000t\000a\000t\000i\000o\000n}{subsection.2.4}% 25
\BOOKMARK [3][-]{subsubsection.2.4.7}{\376\377\000E\000x\000a\000m\000p\000l\000e\000\040\000c\000n\000n\000\040\000\050\000n\000o\000t\000\040\000v\000e\000c\000t\000o\000r\000i\000z\000e\000d\000\051}{subsection.2.4}% 26
\BOOKMARK [3][-]{subsubsection.2.4.8}{\376\377\000P\000o\000o\000l\000i\000n\000g\000\040\000l\000a\000y\000e\000r\000s}{subsection.2.4}% 27
\BOOKMARK [3][-]{subsubsection.2.4.9}{\376\377\000F\000u\000l\000l\000y\000\040\000c\000o\000n\000n\000e\000c\000t\000e\000d\000\040\000l\000a\000y\000e\000r}{subsection.2.4}% 28
\BOOKMARK [3][-]{subsubsection.2.4.10}{\376\377\000C\000o\000m\000p\000l\000e\000t\000e\000\040\000c\000n\000n\000\040\000e\000x\000a\000m\000p\000l\000e}{subsection.2.4}% 29
\BOOKMARK [3][-]{subsubsection.2.4.11}{\376\377\000F\000o\000r\000w\000a\000r\000d\000\040\000p\000r\000o\000p}{subsection.2.4}% 30
\BOOKMARK [3][-]{subsubsection.2.4.12}{\376\377\000W\000h\000y\000\040\000c\000o\000n\000v\000o\000l\000u\000t\000i\000o\000n\000s}{subsection.2.4}% 31
\BOOKMARK [2][-]{subsection.2.5}{\376\377\000I\000m\000p\000r\000o\000v\000i\000n\000g\000\040\000m\000o\000d\000e\000l}{section.2}% 32
\BOOKMARK [3][-]{subsubsection.2.5.1}{\376\377\000F\000i\000x\000i\000n\000g\000\040\000h\000i\000g\000h\000\040\000b\000i\000a\000s\000/\000v\000a\000r\000i\000a\000n\000c\000e}{subsection.2.5}% 33
\BOOKMARK [3][-]{subsubsection.2.5.2}{\376\377\000A\000d\000d\000i\000n\000g\000\040\000d\000a\000t\000a}{subsection.2.5}% 34
\BOOKMARK [1][-]{section.3}{\376\377\000C\000n\000n\000\040\000b\000a\000c\000k\000\040\000p\000r\000o\000p}{}% 35
\BOOKMARK [2][-]{subsection.3.1}{\376\377\000D\000e\000r\000i\000v\000i\000n\000g\000\040\000d\000L\000d\000b\000\040\000f\000o\000r\000\040\000f\000o\000r\000w\000a\000r\000d\000\040\000f\000e\000e\000d\000i\000n\000g\000\040\000i\000n\000t\000o\000\040\000d\000e\000n\000s\000e\000\040\000l\000a\000y\000e\000r}{section.3}% 36
\BOOKMARK [3][-]{subsubsection.3.1.1}{\376\377\000d\000L\000d\000A\000l\000e\000n\000u\000v}{subsection.3.1}% 37
\BOOKMARK [3][-]{subsubsection.3.1.2}{\376\377\000d\000A\000l\000e\000n\000u\000v\000d\000Z\000l\000e\000n\000u\000v}{subsection.3.1}% 38
\BOOKMARK [3][-]{subsubsection.3.1.3}{\376\377\000d\000Z\000l\000e\000n\000u\000v\000d\000b\000l\000n}{subsection.3.1}% 39
\BOOKMARK [1][-]{section.4}{\376\377\000D\000e\000c\000i\000s\000i\000o\000n\000\040\000t\000r\000e\000e\000s}{}% 40
\BOOKMARK [2][-]{subsection.4.1}{\376\377\000M\000e\000a\000s\000u\000r\000i\000n\000g\000\040\000p\000u\000r\000i\000t\000y}{section.4}% 41
\BOOKMARK [3][-]{subsubsection.4.1.1}{\376\377\000E\000n\000t\000r\000o\000p\000y\000\040\000a\000s\000\040\000a\000\040\000m\000e\000a\000s\000u\000r\000e\000\040\000o\000f\000\040\000i\000m\000p\000u\000r\000i\000t\000y}{subsection.4.1}% 42
\BOOKMARK [2][-]{subsection.4.2}{\376\377\000C\000h\000o\000o\000s\000i\000n\000g\000\040\000a\000\040\000s\000p\000l\000i\000t}{section.4}% 43
\BOOKMARK [2][-]{subsection.4.3}{\376\377\000C\000o\000n\000s\000t\000r\000u\000c\000t\000i\000n\000g\000\040\000a\000\040\000d\000e\000c\000i\000s\000i\000o\000n\000\040\000t\000r\000e\000e}{section.4}% 44
\BOOKMARK [2][-]{subsection.4.4}{\376\377\000F\000e\000a\000t\000u\000r\000e\000s\000\040\000w\000i\000t\000h\000\040\000m\000u\000l\000t\000i\000p\000l\000e\000\040\000p\000o\000s\000s\000i\000b\000l\000e\000\040\000v\000a\000l\000u\000e\000s}{section.4}% 45
\BOOKMARK [2][-]{subsection.4.5}{\376\377\000T\000r\000e\000e\000\040\000e\000n\000s\000e\000m\000b\000l\000e\000s}{section.4}% 46
\BOOKMARK [3][-]{subsubsection.4.5.1}{\376\377\000S\000a\000m\000p\000l\000i\000n\000g\000\040\000w\000i\000t\000h\000\040\000r\000e\000p\000l\000a\000c\000e\000m\000e\000n\000t}{subsection.4.5}% 47
\BOOKMARK [3][-]{subsubsection.4.5.2}{\376\377\000R\000a\000n\000d\000o\000m\000\040\000f\000o\000r\000e\000s\000t\000\040\000a\000l\000g\000o\000r\000i\000t\000h\000m}{subsection.4.5}% 48
\BOOKMARK [3][-]{subsubsection.4.5.3}{\376\377\000X\000G\000B\000o\000o\000s\000t}{subsection.4.5}% 49
\BOOKMARK [1][-]{section.5}{\376\377\000U\000n\000s\000u\000p\000e\000r\000v\000i\000s\000e\000d\000\040\000l\000e\000a\000r\000n\000i\000n\000g}{}% 50
\BOOKMARK [2][-]{subsection.5.1}{\376\377\000C\000l\000u\000s\000t\000e\000r\000i\000n\000g\000:\000\040\000K\000-\000m\000e\000a\000n\000s}{section.5}% 51
\BOOKMARK [3][-]{subsubsection.5.1.1}{\376\377\000A\000l\000g\000o\000r\000i\000t\000h\000m}{subsection.5.1}% 52
\BOOKMARK [3][-]{subsubsection.5.1.2}{\376\377\000C\000o\000s\000t\000\040\000f\000u\000n\000c\000t\000i\000o\000n}{subsection.5.1}% 53
\BOOKMARK [3][-]{subsubsection.5.1.3}{\376\377\000C\000h\000o\000o\000s\000i\000n\000g\000\040\000k}{subsection.5.1}% 54
\BOOKMARK [2][-]{subsection.5.2}{\376\377\000A\000n\000o\000m\000a\000l\000y\000\040\000d\000e\000t\000e\000c\000t\000i\000o\000n}{section.5}% 55
\BOOKMARK [3][-]{subsubsection.5.2.1}{\376\377\000N\000o\000r\000m\000a\000l\000\040\000d\000i\000s\000t\000r\000i\000b\000u\000t\000i\000o\000n}{subsection.5.2}% 56
\BOOKMARK [3][-]{subsubsection.5.2.2}{\376\377\000D\000e\000n\000s\000i\000t\000y\000\040\000e\000s\000t\000i\000m\000a\000t\000i\000o\000n}{subsection.5.2}% 57
\BOOKMARK [2][-]{subsection.5.3}{\376\377\000R\000e\000c\000o\000m\000m\000e\000n\000d\000e\000r\000\040\000s\000y\000s\000t\000e\000m\000s}{section.5}% 58
\BOOKMARK [3][-]{subsubsection.5.3.1}{\376\377\000C\000o\000l\000l\000a\000b\000o\000r\000a\000t\000i\000v\000e\000\040\000f\000i\000l\000t\000e\000r\000i\000n\000g}{subsection.5.3}% 59
\BOOKMARK [3][-]{subsubsection.5.3.2}{\376\377\000C\000o\000s\000t\000\040\000f\000u\000n\000c\000t\000i\000o\000n}{subsection.5.3}% 60
\BOOKMARK [3][-]{subsubsection.5.3.3}{\376\377\000B\000i\000n\000a\000r\000y\000\040\000l\000a\000b\000e\000l\000s}{subsection.5.3}% 61
\BOOKMARK [3][-]{subsubsection.5.3.4}{\376\377\000M\000e\000a\000n\000\040\000n\000o\000r\000m\000a\000l\000i\000z\000a\000t\000i\000o\000n}{subsection.5.3}% 62
\BOOKMARK [3][-]{subsubsection.5.3.5}{\376\377\000F\000i\000n\000d\000i\000n\000g\000\040\000r\000e\000l\000a\000t\000e\000d\000\040\000i\000t\000e\000m\000s}{subsection.5.3}% 63
\BOOKMARK [3][-]{subsubsection.5.3.6}{\376\377\000C\000o\000n\000t\000e\000n\000t\000\040\000b\000a\000s\000e\000d\000\040\000f\000i\000l\000t\000e\000r\000i\000n\000g}{subsection.5.3}% 64
\BOOKMARK [2][-]{subsection.5.4}{\376\377\000R\000e\000i\000n\000f\000o\000r\000c\000e\000m\000e\000n\000t\000\040\000l\000e\000a\000r\000n\000i\000n\000g}{section.5}% 65
\BOOKMARK [3][-]{subsubsection.5.4.1}{\376\377\000S\000t\000a\000t\000e\000\040\000a\000c\000t\000i\000o\000n\000\040\000v\000a\000l\000u\000e\000\040\000f\000u\000n\000c\000t\000i\000o\000n}{subsection.5.4}% 66
